# JRE version: OpenJDK Runtime Environment (8.0_212-b03) (build 1.8.0_212-8u212-b03-0ubuntu1.18.04.1-b03)
# Java VM: OpenJDK 64-Bit Server VM (25.212-b03 mixed mode linux-amd64 compressed oops)
Heap:
 def new generation   total 42560K, used 0K [0x00000000f0a00000, 0x00000000f3820000, 0x00000000f5c00000)
  eden space 37888K,   0% used [0x00000000f0a00000, 0x00000000f0a00000, 0x00000000f2f00000)
  from space 4672K,   0% used [0x00000000f2f00000, 0x00000000f2f00000, 0x00000000f3390000)
  to   space 4672K,   0% used [0x00000000f3390000, 0x00000000f3390000, 0x00000000f3820000)
 tenured generation   total 99048K, used 98892K [0x00000000f5c00000, 0x00000000fbcba000, 0x0000000100000000)
   the space 99048K,  99% used [0x00000000f5c00000, 0x00000000fbc93300, 0x00000000fbc93400, 0x00000000fbcba000)
 Metaspace       used 33134K, capacity 33996K, committed 34048K, reserved 1079296K
  class space    used 3914K, capacity 4093K, committed 4096K, reserved 1048576K
GC Heap History (10 events):
Event: 12.657 GC heap after
Heap after GC invocations=87 (full 4):
 def new generation   total 42560K, used 4672K [0x00000000f0a00000, 0x00000000f3820000, 0x00000000f5c00000)
  eden space 37888K,   0% used [0x00000000f0a00000, 0x00000000f0a00000, 0x00000000f2f00000)
  from space 4672K, 100% used [0x00000000f3390000, 0x00000000f3820000, 0x00000000f3820000)
  to   space 4672K,   0% used [0x00000000f2f00000, 0x00000000f2f00000, 0x00000000f3390000)
 tenured generation   total 94440K, used 79710K [0x00000000f5c00000, 0x00000000fb83a000, 0x0000000100000000)
   the space 94440K,  84% used [0x00000000f5c00000, 0x00000000fa9d7b58, 0x00000000fa9d7c00, 0x00000000fb83a000)
 Metaspace       used 30925K, capacity 31674K, committed 31872K, reserved 1077248K
  class space    used 3688K, capacity 3848K, committed 3968K, reserved 1048576K
}
Event: 13.070 GC heap before
{Heap before GC invocations=87 (full 4):
 def new generation   total 42560K, used 42560K [0x00000000f0a00000, 0x00000000f3820000, 0x00000000f5c00000)
  eden space 37888K, 100% used [0x00000000f0a00000, 0x00000000f2f00000, 0x00000000f2f00000)
  from space 4672K, 100% used [0x00000000f3390000, 0x00000000f3820000, 0x00000000f3820000)
  to   space 4672K,   0% used [0x00000000f2f00000, 0x00000000f2f00000, 0x00000000f3390000)
 tenured generation   total 94440K, used 79710K [0x00000000f5c00000, 0x00000000fb83a000, 0x0000000100000000)
   the space 94440K,  84% used [0x00000000f5c00000, 0x00000000fa9d7b58, 0x00000000fa9d7c00, 0x00000000fb83a000)
 Metaspace       used 32043K, capacity 32766K, committed 33024K, reserved 1079296K
  class space    used 3829K, capacity 3976K, committed 4096K, reserved 1048576K
Event: 13.109 GC heap after
Heap after GC invocations=88 (full 4):
 def new generation   total 42560K, used 4671K [0x00000000f0a00000, 0x00000000f3820000, 0x00000000f5c00000)
  eden space 37888K,   0% used [0x00000000f0a00000, 0x00000000f0a00000, 0x00000000f2f00000)
  from space 4672K,  99% used [0x00000000f2f00000, 0x00000000f338fff8, 0x00000000f3390000)
  to   space 4672K,   0% used [0x00000000f3390000, 0x00000000f3390000, 0x00000000f3820000)
 tenured generation   total 94440K, used 87303K [0x00000000f5c00000, 0x00000000fb83a000, 0x0000000100000000)
   the space 94440K,  92% used [0x00000000f5c00000, 0x00000000fb141fa8, 0x00000000fb142000, 0x00000000fb83a000)
 Metaspace       used 32043K, capacity 32766K, committed 33024K, reserved 1079296K
  class space    used 3829K, capacity 3976K, committed 4096K, reserved 1048576K
}
Event: 13.688 GC heap before
{Heap before GC invocations=88 (full 4):
 def new generation   total 42560K, used 42559K [0x00000000f0a00000, 0x00000000f3820000, 0x00000000f5c00000)
  eden space 37888K, 100% used [0x00000000f0a00000, 0x00000000f2f00000, 0x00000000f2f00000)
  from space 4672K,  99% used [0x00000000f2f00000, 0x00000000f338fff8, 0x00000000f3390000)
  to   space 4672K,   0% used [0x00000000f3390000, 0x00000000f3390000, 0x00000000f3820000)
 tenured generation   total 94440K, used 87303K [0x00000000f5c00000, 0x00000000fb83a000, 0x0000000100000000)
   the space 94440K,  92% used [0x00000000f5c00000, 0x00000000fb141fa8, 0x00000000fb142000, 0x00000000fb83a000)
 Metaspace       used 32817K, capacity 33672K, committed 33792K, reserved 1079296K
  class space    used 3890K, capacity 4055K, committed 4096K, reserved 1048576K
Event: 13.709 GC heap after
Heap after GC invocations=89 (full 4):
 def new generation   total 42560K, used 1790K [0x00000000f0a00000, 0x00000000f3820000, 0x00000000f5c00000)
  eden space 37888K,   0% used [0x00000000f0a00000, 0x00000000f0a00000, 0x00000000f2f00000)
  from space 4672K,  38% used [0x00000000f3390000, 0x00000000f354fb20, 0x00000000f3820000)
  to   space 4672K,   0% used [0x00000000f2f00000, 0x00000000f2f00000, 0x00000000f3390000)
 tenured generation   total 94440K, used 91849K [0x00000000f5c00000, 0x00000000fb83a000, 0x0000000100000000)
   the space 94440K,  97% used [0x00000000f5c00000, 0x00000000fb5b24d0, 0x00000000fb5b2600, 0x00000000fb83a000)
 Metaspace       used 32817K, capacity 33672K, committed 33792K, reserved 1079296K
  class space    used 3890K, capacity 4055K, committed 4096K, reserved 1048576K
}
Event: 13.994 GC heap before
{Heap before GC invocations=89 (full 4):
 def new generation   total 42560K, used 39678K [0x00000000f0a00000, 0x00000000f3820000, 0x00000000f5c00000)
  eden space 37888K, 100% used [0x00000000f0a00000, 0x00000000f2f00000, 0x00000000f2f00000)
  from space 4672K,  38% used [0x00000000f3390000, 0x00000000f354fb20, 0x00000000f3820000)
  to   space 4672K,   0% used [0x00000000f2f00000, 0x00000000f2f00000, 0x00000000f3390000)
 tenured generation   total 94440K, used 91849K [0x00000000f5c00000, 0x00000000fb83a000, 0x0000000100000000)
   the space 94440K,  97% used [0x00000000f5c00000, 0x00000000fb5b24d0, 0x00000000fb5b2600, 0x00000000fb83a000)
 Metaspace       used 32930K, capacity 33772K, committed 34048K, reserved 1079296K
  class space    used 3899K, capacity 4061K, committed 4096K, reserved 1048576K
Event: 14.005 GC heap after
Heap after GC invocations=90 (full 4):
 def new generation   total 42560K, used 3433K [0x00000000f0a00000, 0x00000000f3820000, 0x00000000f5c00000)
  eden space 37888K,   0% used [0x00000000f0a00000, 0x00000000f0a00000, 0x00000000f2f00000)
  from space 4672K,  73% used [0x00000000f2f00000, 0x00000000f325a498, 0x00000000f3390000)
  to   space 4672K,   0% used [0x00000000f3390000, 0x00000000f3390000, 0x00000000f3820000)
 tenured generation   total 94440K, used 91849K [0x00000000f5c00000, 0x00000000fb83a000, 0x0000000100000000)
   the space 94440K,  97% used [0x00000000f5c00000, 0x00000000fb5b24d0, 0x00000000fb5b2600, 0x00000000fb83a000)
 Metaspace       used 32930K, capacity 33772K, committed 34048K, reserved 1079296K
  class space    used 3899K, capacity 4061K, committed 4096K, reserved 1048576K
}
Event: 14.220 GC heap before
{Heap before GC invocations=90 (full 4):
 def new generation   total 42560K, used 41321K [0x00000000f0a00000, 0x00000000f3820000, 0x00000000f5c00000)
  eden space 37888K, 100% used [0x00000000f0a00000, 0x00000000f2f00000, 0x00000000f2f00000)
  from space 4672K,  73% used [0x00000000f2f00000, 0x00000000f325a498, 0x00000000f3390000)
  to   space 4672K,   0% used [0x00000000f3390000, 0x00000000f3390000, 0x00000000f3820000)
 tenured generation   total 94440K, used 91849K [0x00000000f5c00000, 0x00000000fb83a000, 0x0000000100000000)
   the space 94440K,  97% used [0x00000000f5c00000, 0x00000000fb5b24d0, 0x00000000fb5b2600, 0x00000000fb83a000)
 Metaspace       used 33134K, capacity 33996K, committed 34048K, reserved 1079296K
  class space    used 3914K, capacity 4093K, committed 4096K, reserved 1048576K
Event: 14.251 GC heap after
Heap after GC invocations=91 (full 4):
 def new generation   total 42560K, used 4672K [0x00000000f0a00000, 0x00000000f3820000, 0x00000000f5c00000)
  eden space 37888K,   0% used [0x00000000f0a00000, 0x00000000f0a00000, 0x00000000f2f00000)
  from space 4672K, 100% used [0x00000000f3390000, 0x00000000f3820000, 0x00000000f3820000)
  to   space 4672K,   0% used [0x00000000f2f00000, 0x00000000f2f00000, 0x00000000f3390000)
 tenured generation   total 94440K, used 94208K [0x00000000f5c00000, 0x00000000fb83a000, 0x0000000100000000)
   the space 94440K,  99% used [0x00000000f5c00000, 0x00000000fb8002b0, 0x00000000fb800400, 0x00000000fb83a000)
 Metaspace       used 33134K, capacity 33996K, committed 34048K, reserved 1079296K
  class space    used 3914K, capacity 4093K, committed 4096K, reserved 1048576K
}
Event: 14.381 GC heap before
{Heap before GC invocations=91 (full 4):
 def new generation   total 42560K, used 42560K [0x00000000f0a00000, 0x00000000f3820000, 0x00000000f5c00000)
  eden space 37888K, 100% used [0x00000000f0a00000, 0x00000000f2f00000, 0x00000000f2f00000)
  from space 4672K, 100% used [0x00000000f3390000, 0x00000000f3820000, 0x00000000f3820000)
  to   space 4672K,   0% used [0x00000000f2f00000, 0x00000000f2f00000, 0x00000000f3390000)
 tenured generation   total 94440K, used 94208K [0x00000000f5c00000, 0x00000000fb83a000, 0x0000000100000000)
   the space 94440K,  99% used [0x00000000f5c00000, 0x00000000fb8002b0, 0x00000000fb800400, 0x00000000fb83a000)
 Metaspace       used 33134K, capacity 33996K, committed 34048K, reserved 1079296K
  class space    used 3914K, capacity 4093K, committed 4096K, reserved 1048576K

